INFO -  Checking System Description Files
INFO -   System description checker passed for G893-SD1
INFO -   System description checker passed for G893-SD1
INFO -   System description checker passed for G893-SD1
INFO - ------------------------------
INFO -  Running compliance checks in dir /data/training_v5.0/GigaComputing/results/G893-SD1_hugectr/dlrm_dcnv2
INFO -  System G893-SD1_hugectr
INFO -  Benchmark dlrm_dcnv2
INFO - ------------------------------
INFO - ------------------------------
INFO - Run 1/10
INFO - Running compliance on file: /data/training_v5.0/GigaComputing/results/G893-SD1_hugectr/dlrm_dcnv2/result_0.txt
INFO -  Compliance checks: training_5.0.0/common.yaml
INFO -  Compliance checks: training_5.0.0/closed_common.yaml
INFO -  Compliance checks: training_5.0.0/closed_dlrm_dcnv2.yaml
INFO - ------------------------------
INFO - Run 2/10
INFO - Running compliance on file: /data/training_v5.0/GigaComputing/results/G893-SD1_hugectr/dlrm_dcnv2/result_1.txt
INFO -  Compliance checks: training_5.0.0/common.yaml
INFO -  Compliance checks: training_5.0.0/closed_common.yaml
INFO -  Compliance checks: training_5.0.0/closed_dlrm_dcnv2.yaml
INFO - ------------------------------
INFO - Run 3/10
INFO - Running compliance on file: /data/training_v5.0/GigaComputing/results/G893-SD1_hugectr/dlrm_dcnv2/result_2.txt
INFO -  Compliance checks: training_5.0.0/common.yaml
INFO -  Compliance checks: training_5.0.0/closed_common.yaml
INFO -  Compliance checks: training_5.0.0/closed_dlrm_dcnv2.yaml
INFO - ------------------------------
INFO - Run 4/10
INFO - Running compliance on file: /data/training_v5.0/GigaComputing/results/G893-SD1_hugectr/dlrm_dcnv2/result_3.txt
INFO -  Compliance checks: training_5.0.0/common.yaml
INFO -  Compliance checks: training_5.0.0/closed_common.yaml
INFO -  Compliance checks: training_5.0.0/closed_dlrm_dcnv2.yaml
INFO - ------------------------------
INFO - Run 5/10
INFO - Running compliance on file: /data/training_v5.0/GigaComputing/results/G893-SD1_hugectr/dlrm_dcnv2/result_4.txt
INFO -  Compliance checks: training_5.0.0/common.yaml
INFO -  Compliance checks: training_5.0.0/closed_common.yaml
INFO -  Compliance checks: training_5.0.0/closed_dlrm_dcnv2.yaml
INFO - ------------------------------
INFO - Run 6/10
INFO - Running compliance on file: /data/training_v5.0/GigaComputing/results/G893-SD1_hugectr/dlrm_dcnv2/result_5.txt
INFO -  Compliance checks: training_5.0.0/common.yaml
INFO -  Compliance checks: training_5.0.0/closed_common.yaml
INFO -  Compliance checks: training_5.0.0/closed_dlrm_dcnv2.yaml
INFO - ------------------------------
INFO - Run 7/10
INFO - Running compliance on file: /data/training_v5.0/GigaComputing/results/G893-SD1_hugectr/dlrm_dcnv2/result_6.txt
INFO -  Compliance checks: training_5.0.0/common.yaml
INFO -  Compliance checks: training_5.0.0/closed_common.yaml
INFO -  Compliance checks: training_5.0.0/closed_dlrm_dcnv2.yaml
INFO - ------------------------------
INFO - Run 8/10
INFO - Running compliance on file: /data/training_v5.0/GigaComputing/results/G893-SD1_hugectr/dlrm_dcnv2/result_7.txt
INFO -  Compliance checks: training_5.0.0/common.yaml
INFO -  Compliance checks: training_5.0.0/closed_common.yaml
INFO -  Compliance checks: training_5.0.0/closed_dlrm_dcnv2.yaml
INFO - ------------------------------
INFO - Run 9/10
INFO - Running compliance on file: /data/training_v5.0/GigaComputing/results/G893-SD1_hugectr/dlrm_dcnv2/result_8.txt
INFO -  Compliance checks: training_5.0.0/common.yaml
INFO -  Compliance checks: training_5.0.0/closed_common.yaml
INFO -  Compliance checks: training_5.0.0/closed_dlrm_dcnv2.yaml
INFO - ------------------------------
INFO - Run 10/10
INFO - Running compliance on file: /data/training_v5.0/GigaComputing/results/G893-SD1_hugectr/dlrm_dcnv2/result_9.txt
INFO -  Compliance checks: training_5.0.0/common.yaml
INFO -  Compliance checks: training_5.0.0/closed_common.yaml
INFO -  Compliance checks: training_5.0.0/closed_dlrm_dcnv2.yaml
INFO - ------------------------------
INFO -  Running Seed Checker
INFO - ------------------------------
INFO -  Running RCP Checker, pass: pruned_rcps
INFO - ------------------------------
INFO -  RCP Record: {'Benchmark': 'dlrm_dcnv2', 'BS': 55296, 'Hyperparams': {'opt_name': 'adagrad', 'opt_base_learning_rate': 0.004, 'opt_adagrad_learning_rate_decay': 0.0, 'opt_adagrad_initial_accumulator_value': 0.0, 'opt_adagrad_epsilon': 1e-08, 'opt_weight_decay': 0.0, 'opt_learning_rate_warmup_steps': 0, 'opt_learning_rate_decay_start_step': 0, 'opt_learning_rate_decay_steps': 0}, 'Epochs to converge': [0.7, 0.7, 0.7, 0.7, 0.7, 0.7, 0.7, 0.7, 0.7, 0.7, 0.75, 0.75, 0.75, 0.75, 0.75, 0.75, 0.75, 0.75, 0.75, 0.75, 0.75, 0.75, 0.75, 0.75, 0.75, 0.75, 0.75, 0.75, 0.75, 0.75, 0.75, 0.75, 0.75, 0.75, 0.75, 0.8, 0.8, 0.8, 0.8, 0.8, 0.8, 0.8, 0.8, 0.8, 0.8, 0.8, 0.9, 0.9, 0.9, 0.9], 'RCP Mean': 0.7614583333333332, 'RCP Stdev': 0.0517783738639985, 'Max Speedup': 1.0454980537298195, 'Min Epochs': 0.7283211390177406}
INFO -  Submission mean epochs: 0.7500
INFO -  Submission mean epochs faster than RCP mean but within max speedup range. Score should be normalized by factor of 0.7614583333333332 / 0.75 = 1.0152777777777777
INFO -  Results scaling set to normalization factor of 1.0153
INFO - RCP Test Passed: RCP found
INFO - ------------------------------
INFO - ------------------------------
INFO -  Running compliance checks in dir /data/training_v5.0/GigaComputing/results/G893-SD1_dgl/rgat
INFO -  System G893-SD1_dgl
INFO -  Benchmark rgat
INFO - ------------------------------
INFO - ------------------------------
INFO - Run 1/10
INFO - Running compliance on file: /data/training_v5.0/GigaComputing/results/G893-SD1_dgl/rgat/result_0.txt
INFO -  Compliance checks: training_5.0.0/common.yaml
INFO -  Compliance checks: training_5.0.0/closed_common.yaml
INFO -  Compliance checks: training_5.0.0/closed_rgat.yaml
INFO - ------------------------------
INFO - Run 2/10
INFO - Running compliance on file: /data/training_v5.0/GigaComputing/results/G893-SD1_dgl/rgat/result_1.txt
INFO -  Compliance checks: training_5.0.0/common.yaml
INFO -  Compliance checks: training_5.0.0/closed_common.yaml
INFO -  Compliance checks: training_5.0.0/closed_rgat.yaml
INFO - ------------------------------
INFO - Run 3/10
INFO - Running compliance on file: /data/training_v5.0/GigaComputing/results/G893-SD1_dgl/rgat/result_2.txt
INFO -  Compliance checks: training_5.0.0/common.yaml
INFO -  Compliance checks: training_5.0.0/closed_common.yaml
INFO -  Compliance checks: training_5.0.0/closed_rgat.yaml
INFO - ------------------------------
INFO - Run 4/10
INFO - Running compliance on file: /data/training_v5.0/GigaComputing/results/G893-SD1_dgl/rgat/result_3.txt
INFO -  Compliance checks: training_5.0.0/common.yaml
INFO -  Compliance checks: training_5.0.0/closed_common.yaml
INFO -  Compliance checks: training_5.0.0/closed_rgat.yaml
INFO - ------------------------------
INFO - Run 5/10
INFO - Running compliance on file: /data/training_v5.0/GigaComputing/results/G893-SD1_dgl/rgat/result_4.txt
INFO -  Compliance checks: training_5.0.0/common.yaml
INFO -  Compliance checks: training_5.0.0/closed_common.yaml
INFO -  Compliance checks: training_5.0.0/closed_rgat.yaml
INFO - ------------------------------
INFO - Run 6/10
INFO - Running compliance on file: /data/training_v5.0/GigaComputing/results/G893-SD1_dgl/rgat/result_5.txt
INFO -  Compliance checks: training_5.0.0/common.yaml
INFO -  Compliance checks: training_5.0.0/closed_common.yaml
INFO -  Compliance checks: training_5.0.0/closed_rgat.yaml
INFO - ------------------------------
INFO - Run 7/10
INFO - Running compliance on file: /data/training_v5.0/GigaComputing/results/G893-SD1_dgl/rgat/result_6.txt
INFO -  Compliance checks: training_5.0.0/common.yaml
INFO -  Compliance checks: training_5.0.0/closed_common.yaml
INFO -  Compliance checks: training_5.0.0/closed_rgat.yaml
INFO - ------------------------------
INFO - Run 8/10
INFO - Running compliance on file: /data/training_v5.0/GigaComputing/results/G893-SD1_dgl/rgat/result_7.txt
INFO -  Compliance checks: training_5.0.0/common.yaml
INFO -  Compliance checks: training_5.0.0/closed_common.yaml
INFO -  Compliance checks: training_5.0.0/closed_rgat.yaml
INFO - ------------------------------
INFO - Run 9/10
INFO - Running compliance on file: /data/training_v5.0/GigaComputing/results/G893-SD1_dgl/rgat/result_8.txt
INFO -  Compliance checks: training_5.0.0/common.yaml
INFO -  Compliance checks: training_5.0.0/closed_common.yaml
INFO -  Compliance checks: training_5.0.0/closed_rgat.yaml
INFO - ------------------------------
INFO - Run 10/10
INFO - Running compliance on file: /data/training_v5.0/GigaComputing/results/G893-SD1_dgl/rgat/result_9.txt
INFO -  Compliance checks: training_5.0.0/common.yaml
INFO -  Compliance checks: training_5.0.0/closed_common.yaml
INFO -  Compliance checks: training_5.0.0/closed_rgat.yaml
INFO - ------------------------------
INFO -  Running Seed Checker
INFO - ------------------------------
INFO -  Running RCP Checker, pass: pruned_rcps
INFO - ------------------------------
INFO -  RCP Record: {'Benchmark': 'rgat', 'BS': 32768, 'Hyperparams': {'opt_base_learning_rate': 0.002}, 'Epochs to converge': [0.9, 0.9, 0.9, 0.9, 0.9, 0.9, 0.9, 0.95, 0.95, 0.95, 0.95, 0.95, 0.95, 0.95, 0.95, 0.95, 0.95, 1.0, 1.0, 1.0], 'RCP Mean': 0.9388888888888888, 'RCP Stdev': 0.03391164991562632, 'Max Speedup': 1.0269846742094213, 'Min Epochs': 0.9142189873589408}
INFO -  Submission mean epochs: 0.9375
INFO -  Submission mean epochs faster than RCP mean but within max speedup range. Score should be normalized by factor of 0.9388888888888888 / 0.9375 = 1.0014814814814814
INFO -  Results scaling set to normalization factor of 1.0015
INFO - RCP Test Passed: RCP found
INFO - ------------------------------
INFO - ------------------------------
INFO -  Running compliance checks in dir /data/training_v5.0/GigaComputing/results/G893-SD1_pytorch/llama2_70b_lora
INFO -  System G893-SD1_pytorch
INFO -  Benchmark llama2_70b_lora
INFO - ------------------------------
INFO - ------------------------------
INFO - Run 1/10
INFO - Running compliance on file: /data/training_v5.0/GigaComputing/results/G893-SD1_pytorch/llama2_70b_lora/result_0.txt
INFO -  Compliance checks: training_5.0.0/common.yaml
INFO -  Compliance checks: training_5.0.0/closed_common.yaml
INFO -  Compliance checks: training_5.0.0/closed_llama2_70b_lora.yaml
INFO - ------------------------------
INFO - Run 2/10
INFO - Running compliance on file: /data/training_v5.0/GigaComputing/results/G893-SD1_pytorch/llama2_70b_lora/result_1.txt
INFO -  Compliance checks: training_5.0.0/common.yaml
INFO -  Compliance checks: training_5.0.0/closed_common.yaml
INFO -  Compliance checks: training_5.0.0/closed_llama2_70b_lora.yaml
INFO - ------------------------------
INFO - Run 3/10
INFO - Running compliance on file: /data/training_v5.0/GigaComputing/results/G893-SD1_pytorch/llama2_70b_lora/result_2.txt
INFO -  Compliance checks: training_5.0.0/common.yaml
INFO -  Compliance checks: training_5.0.0/closed_common.yaml
INFO -  Compliance checks: training_5.0.0/closed_llama2_70b_lora.yaml
INFO - ------------------------------
INFO - Run 4/10
INFO - Running compliance on file: /data/training_v5.0/GigaComputing/results/G893-SD1_pytorch/llama2_70b_lora/result_3.txt
INFO -  Compliance checks: training_5.0.0/common.yaml
INFO -  Compliance checks: training_5.0.0/closed_common.yaml
INFO -  Compliance checks: training_5.0.0/closed_llama2_70b_lora.yaml
INFO - ------------------------------
INFO - Run 5/10
INFO - Running compliance on file: /data/training_v5.0/GigaComputing/results/G893-SD1_pytorch/llama2_70b_lora/result_4.txt
INFO -  Compliance checks: training_5.0.0/common.yaml
INFO -  Compliance checks: training_5.0.0/closed_common.yaml
INFO -  Compliance checks: training_5.0.0/closed_llama2_70b_lora.yaml
INFO - ------------------------------
INFO - Run 6/10
INFO - Running compliance on file: /data/training_v5.0/GigaComputing/results/G893-SD1_pytorch/llama2_70b_lora/result_5.txt
INFO -  Compliance checks: training_5.0.0/common.yaml
INFO -  Compliance checks: training_5.0.0/closed_common.yaml
INFO -  Compliance checks: training_5.0.0/closed_llama2_70b_lora.yaml
INFO - ------------------------------
INFO - Run 7/10
INFO - Running compliance on file: /data/training_v5.0/GigaComputing/results/G893-SD1_pytorch/llama2_70b_lora/result_6.txt
INFO -  Compliance checks: training_5.0.0/common.yaml
INFO -  Compliance checks: training_5.0.0/closed_common.yaml
INFO -  Compliance checks: training_5.0.0/closed_llama2_70b_lora.yaml
INFO - ------------------------------
INFO - Run 8/10
INFO - Running compliance on file: /data/training_v5.0/GigaComputing/results/G893-SD1_pytorch/llama2_70b_lora/result_7.txt
INFO -  Compliance checks: training_5.0.0/common.yaml
INFO -  Compliance checks: training_5.0.0/closed_common.yaml
INFO -  Compliance checks: training_5.0.0/closed_llama2_70b_lora.yaml
INFO - ------------------------------
INFO - Run 9/10
INFO - Running compliance on file: /data/training_v5.0/GigaComputing/results/G893-SD1_pytorch/llama2_70b_lora/result_8.txt
INFO -  Compliance checks: training_5.0.0/common.yaml
INFO -  Compliance checks: training_5.0.0/closed_common.yaml
INFO -  Compliance checks: training_5.0.0/closed_llama2_70b_lora.yaml
INFO - ------------------------------
INFO - Run 10/10
INFO - Running compliance on file: /data/training_v5.0/GigaComputing/results/G893-SD1_pytorch/llama2_70b_lora/result_9.txt
INFO -  Compliance checks: training_5.0.0/common.yaml
INFO -  Compliance checks: training_5.0.0/closed_common.yaml
INFO -  Compliance checks: training_5.0.0/closed_llama2_70b_lora.yaml
INFO - ------------------------------
INFO -  Running Seed Checker
INFO - ------------------------------
INFO -  Running RCP Checker, pass: pruned_rcps
INFO - ------------------------------
INFO -  RCP Record: {'Benchmark': 'llama2_70b_lora', 'BS': 8, 'Hyperparams': {'opt_base_learning_rate': 0.0004, 'opt_max_grad_norm': 0.3, 'opt_learning_rate_warmup_epochs': 0, 'opt_learning_rate_decay_boundary_epochs': [], 'gradient_accumulation_steps': 1, 'lora_r': 16, 'lora_alpha': 32, 'max_steps': 1024}, 'Epochs to converge': [2688, 2688, 2688, 3072, 3072, 3072, 3072, 3072, 3072, 3072, 3072, 3072, 3456, 3456, 3456, 3456, 3456, 3456, 3456, 3840], 'RCP Mean': 3178.6666666666665, 'RCP Stdev': 299.91358755481554, 'Max Speedup': 1.0736439248523562, 'Min Epochs': 2960.6339616775513}
INFO -  Submission mean epochs: 3024.0000
INFO -  Submission mean epochs faster than RCP mean but within max speedup range. Score should be normalized by factor of 3178.6666666666665 / 3024.0 = 1.0511463844797178
INFO -  Results scaling set to normalization factor of 1.0511
INFO - RCP Test Passed: RCP found
INFO - ------------------------------
INFO - ------------------------------
INFO -  Running compliance checks in dir /data/training_v5.0/GigaComputing/results/G893-SD1_pytorch/bert
INFO -  System G893-SD1_pytorch
INFO -  Benchmark bert
INFO - ------------------------------
INFO - ------------------------------
INFO - Run 1/10
INFO - Running compliance on file: /data/training_v5.0/GigaComputing/results/G893-SD1_pytorch/bert/result_0.txt
INFO -  Compliance checks: training_5.0.0/common.yaml
INFO -  Compliance checks: training_5.0.0/closed_common.yaml
INFO -  Compliance checks: training_5.0.0/closed_bert.yaml
INFO - ------------------------------
INFO - Run 2/10
INFO - Running compliance on file: /data/training_v5.0/GigaComputing/results/G893-SD1_pytorch/bert/result_1.txt
INFO -  Compliance checks: training_5.0.0/common.yaml
INFO -  Compliance checks: training_5.0.0/closed_common.yaml
INFO -  Compliance checks: training_5.0.0/closed_bert.yaml
INFO - ------------------------------
INFO - Run 3/10
INFO - Running compliance on file: /data/training_v5.0/GigaComputing/results/G893-SD1_pytorch/bert/result_2.txt
INFO -  Compliance checks: training_5.0.0/common.yaml
INFO -  Compliance checks: training_5.0.0/closed_common.yaml
INFO -  Compliance checks: training_5.0.0/closed_bert.yaml
INFO - ------------------------------
INFO - Run 4/10
INFO - Running compliance on file: /data/training_v5.0/GigaComputing/results/G893-SD1_pytorch/bert/result_3.txt
INFO -  Compliance checks: training_5.0.0/common.yaml
INFO -  Compliance checks: training_5.0.0/closed_common.yaml
INFO -  Compliance checks: training_5.0.0/closed_bert.yaml
INFO - ------------------------------
INFO - Run 5/10
INFO - Running compliance on file: /data/training_v5.0/GigaComputing/results/G893-SD1_pytorch/bert/result_4.txt
INFO -  Compliance checks: training_5.0.0/common.yaml
INFO -  Compliance checks: training_5.0.0/closed_common.yaml
INFO -  Compliance checks: training_5.0.0/closed_bert.yaml
INFO - ------------------------------
INFO - Run 6/10
INFO - Running compliance on file: /data/training_v5.0/GigaComputing/results/G893-SD1_pytorch/bert/result_5.txt
INFO -  Compliance checks: training_5.0.0/common.yaml
INFO -  Compliance checks: training_5.0.0/closed_common.yaml
INFO -  Compliance checks: training_5.0.0/closed_bert.yaml
INFO - ------------------------------
INFO - Run 7/10
INFO - Running compliance on file: /data/training_v5.0/GigaComputing/results/G893-SD1_pytorch/bert/result_6.txt
INFO -  Compliance checks: training_5.0.0/common.yaml
INFO -  Compliance checks: training_5.0.0/closed_common.yaml
INFO -  Compliance checks: training_5.0.0/closed_bert.yaml
INFO - ------------------------------
INFO - Run 8/10
INFO - Running compliance on file: /data/training_v5.0/GigaComputing/results/G893-SD1_pytorch/bert/result_7.txt
INFO -  Compliance checks: training_5.0.0/common.yaml
INFO -  Compliance checks: training_5.0.0/closed_common.yaml
INFO -  Compliance checks: training_5.0.0/closed_bert.yaml
INFO - ------------------------------
INFO - Run 9/10
INFO - Running compliance on file: /data/training_v5.0/GigaComputing/results/G893-SD1_pytorch/bert/result_8.txt
INFO -  Compliance checks: training_5.0.0/common.yaml
INFO -  Compliance checks: training_5.0.0/closed_common.yaml
INFO -  Compliance checks: training_5.0.0/closed_bert.yaml
INFO - ------------------------------
INFO - Run 10/10
INFO - Running compliance on file: /data/training_v5.0/GigaComputing/results/G893-SD1_pytorch/bert/result_9.txt
INFO -  Compliance checks: training_5.0.0/common.yaml
INFO -  Compliance checks: training_5.0.0/closed_common.yaml
INFO -  Compliance checks: training_5.0.0/closed_bert.yaml
INFO - ------------------------------
INFO -  Running Seed Checker
INFO - ------------------------------
INFO -  Running RCP Checker, pass: pruned_rcps
INFO - ------------------------------
INFO -  RCP Record: {'Benchmark': 'bert', 'BS': 768, 'Hyperparams': {}, 'Epochs to converge': [], 'RCP Mean': 2443933.5384615385, 'RCP Stdev': 192282.57105342922, 'Max Speedup': 1.0594760978154003, 'Min Epochs': 2306737.776813311}
INFO -  Submission mean epochs: 2418016.5000
INFO -  Submission mean epochs faster than RCP mean but within max speedup range. Score should be normalized by factor of 2443933.5384615385 / 2418016.5 = 1.010718305049423
INFO -  Results scaling set to normalization factor of 1.0107
INFO - RCP Test Passed: RCP Interpolation
INFO - ------------------------------
INFO - ------------------------------
INFO -  Running compliance checks in dir /data/training_v5.0/GigaComputing/results/G893-SD1_pytorch/stable_diffusion
INFO -  System G893-SD1_pytorch
INFO -  Benchmark stable_diffusion
INFO - ------------------------------
INFO - ------------------------------
INFO - Run 1/10
INFO - Running compliance on file: /data/training_v5.0/GigaComputing/results/G893-SD1_pytorch/stable_diffusion/result_0.txt
INFO -  Compliance checks: training_5.0.0/common.yaml
INFO -  Compliance checks: training_5.0.0/closed_common.yaml
INFO -  Compliance checks: training_5.0.0/closed_stable_diffusion.yaml
INFO - ------------------------------
INFO - Run 2/10
INFO - Running compliance on file: /data/training_v5.0/GigaComputing/results/G893-SD1_pytorch/stable_diffusion/result_1.txt
INFO -  Compliance checks: training_5.0.0/common.yaml
INFO -  Compliance checks: training_5.0.0/closed_common.yaml
INFO -  Compliance checks: training_5.0.0/closed_stable_diffusion.yaml
INFO - ------------------------------
INFO - Run 3/10
INFO - Running compliance on file: /data/training_v5.0/GigaComputing/results/G893-SD1_pytorch/stable_diffusion/result_2.txt
INFO -  Compliance checks: training_5.0.0/common.yaml
INFO -  Compliance checks: training_5.0.0/closed_common.yaml
INFO -  Compliance checks: training_5.0.0/closed_stable_diffusion.yaml
INFO - ------------------------------
INFO - Run 4/10
INFO - Running compliance on file: /data/training_v5.0/GigaComputing/results/G893-SD1_pytorch/stable_diffusion/result_3.txt
INFO -  Compliance checks: training_5.0.0/common.yaml
INFO -  Compliance checks: training_5.0.0/closed_common.yaml
INFO -  Compliance checks: training_5.0.0/closed_stable_diffusion.yaml
INFO - ------------------------------
INFO - Run 5/10
INFO - Running compliance on file: /data/training_v5.0/GigaComputing/results/G893-SD1_pytorch/stable_diffusion/result_4.txt
INFO -  Compliance checks: training_5.0.0/common.yaml
INFO -  Compliance checks: training_5.0.0/closed_common.yaml
INFO -  Compliance checks: training_5.0.0/closed_stable_diffusion.yaml
INFO - ------------------------------
INFO - Run 6/10
INFO - Running compliance on file: /data/training_v5.0/GigaComputing/results/G893-SD1_pytorch/stable_diffusion/result_5.txt
INFO -  Compliance checks: training_5.0.0/common.yaml
INFO -  Compliance checks: training_5.0.0/closed_common.yaml
INFO -  Compliance checks: training_5.0.0/closed_stable_diffusion.yaml
INFO - ------------------------------
INFO - Run 7/10
INFO - Running compliance on file: /data/training_v5.0/GigaComputing/results/G893-SD1_pytorch/stable_diffusion/result_6.txt
INFO -  Compliance checks: training_5.0.0/common.yaml
INFO -  Compliance checks: training_5.0.0/closed_common.yaml
INFO -  Compliance checks: training_5.0.0/closed_stable_diffusion.yaml
INFO - ------------------------------
INFO - Run 8/10
INFO - Running compliance on file: /data/training_v5.0/GigaComputing/results/G893-SD1_pytorch/stable_diffusion/result_7.txt
INFO -  Compliance checks: training_5.0.0/common.yaml
INFO -  Compliance checks: training_5.0.0/closed_common.yaml
INFO -  Compliance checks: training_5.0.0/closed_stable_diffusion.yaml
INFO - ------------------------------
INFO - Run 9/10
INFO - Running compliance on file: /data/training_v5.0/GigaComputing/results/G893-SD1_pytorch/stable_diffusion/result_8.txt
INFO -  Compliance checks: training_5.0.0/common.yaml
INFO -  Compliance checks: training_5.0.0/closed_common.yaml
INFO -  Compliance checks: training_5.0.0/closed_stable_diffusion.yaml
INFO - ------------------------------
INFO - Run 10/10
INFO - Running compliance on file: /data/training_v5.0/GigaComputing/results/G893-SD1_pytorch/stable_diffusion/result_9.txt
INFO -  Compliance checks: training_5.0.0/common.yaml
INFO -  Compliance checks: training_5.0.0/closed_common.yaml
INFO -  Compliance checks: training_5.0.0/closed_stable_diffusion.yaml
INFO - ------------------------------
INFO -  Running Seed Checker
INFO - ------------------------------
INFO -  Running RCP Checker, pass: pruned_rcps
INFO - ------------------------------
INFO -  RCP Record: {'Benchmark': 'stable_diffusion', 'BS': 256, 'Hyperparams': {'opt_adamw_beta_1': 0.9, 'opt_adamw_beta_2': 0.999, 'opt_adamw_epsilon': 1e-08, 'opt_adamw_weight_decay': 0.01, 'opt_base_learning_rate': 2.8e-07, 'opt_learning_rate_warmup_steps': 1000}, 'Epochs to converge': [1536000, 1536000, 1536000, 1536000, 1536000, 1536000, 1536000, 1536000, 1536000, 1536000, 1536000, 1536000, 1536000, 2048000, 2048000, 2048000, 2048000, 2048000, 2048000, 2048000], 'RCP Mean': 1706666.6666666667, 'RCP Stdev': 244208.43556273807, 'Max Speedup': 1.116102491128042, 'Min Epochs': 1529130.774488052}
INFO -  Submission mean epochs: 1664000.0000
INFO -  Submission mean epochs faster than RCP mean but within max speedup range. Score should be normalized by factor of 1706666.6666666667 / 1664000.0 = 1.0256410256410258
INFO -  Results scaling set to normalization factor of 1.0256
INFO - RCP Test Passed: RCP found
INFO - ------------------------------
INFO - ------------------------------
INFO -  Running compliance checks in dir /data/training_v5.0/GigaComputing/results/G893-SD1_pytorch/retinanet
INFO -  System G893-SD1_pytorch
INFO -  Benchmark retinanet
INFO - ------------------------------
INFO - ------------------------------
INFO - Run 1/5
INFO - Running compliance on file: /data/training_v5.0/GigaComputing/results/G893-SD1_pytorch/retinanet/result_0.txt
INFO -  Compliance checks: training_5.0.0/common.yaml
INFO -  Compliance checks: training_5.0.0/closed_common.yaml
INFO -  Compliance checks: training_5.0.0/closed_retinanet.yaml
INFO - ------------------------------
INFO - Run 2/5
INFO - Running compliance on file: /data/training_v5.0/GigaComputing/results/G893-SD1_pytorch/retinanet/result_1.txt
INFO -  Compliance checks: training_5.0.0/common.yaml
INFO -  Compliance checks: training_5.0.0/closed_common.yaml
INFO -  Compliance checks: training_5.0.0/closed_retinanet.yaml
INFO - ------------------------------
INFO - Run 3/5
INFO - Running compliance on file: /data/training_v5.0/GigaComputing/results/G893-SD1_pytorch/retinanet/result_2.txt
INFO -  Compliance checks: training_5.0.0/common.yaml
INFO -  Compliance checks: training_5.0.0/closed_common.yaml
INFO -  Compliance checks: training_5.0.0/closed_retinanet.yaml
INFO - ------------------------------
INFO - Run 4/5
INFO - Running compliance on file: /data/training_v5.0/GigaComputing/results/G893-SD1_pytorch/retinanet/result_3.txt
INFO -  Compliance checks: training_5.0.0/common.yaml
INFO -  Compliance checks: training_5.0.0/closed_common.yaml
INFO -  Compliance checks: training_5.0.0/closed_retinanet.yaml
INFO - ------------------------------
INFO - Run 5/5
INFO - Running compliance on file: /data/training_v5.0/GigaComputing/results/G893-SD1_pytorch/retinanet/result_4.txt
INFO -  Compliance checks: training_5.0.0/common.yaml
INFO -  Compliance checks: training_5.0.0/closed_common.yaml
INFO -  Compliance checks: training_5.0.0/closed_retinanet.yaml
INFO - ------------------------------
INFO -  Running Seed Checker
INFO - ------------------------------
INFO -  Running RCP Checker, pass: pruned_rcps
INFO - ------------------------------
INFO -  RCP Record: {'Benchmark': 'retinanet', 'BS': 256, 'Hyperparams': {'opt_base_learning_rate': 0.0001, 'opt_learning_rate_warmup_factor': 0.001, 'opt_learning_rate_warmup_epochs': 1, 'opt_weight_decay': 0}, 'Epochs to converge': [4, 4, 4, 4, 4, 4, 4, 4, 4, 4, 4, 4, 4, 4, 4, 4, 4, 4, 4, 4], 'RCP Mean': 4.0, 'RCP Stdev': 0.0, 'Max Speedup': 1.0, 'Min Epochs': 4.0}
INFO -  Submission mean epochs: 4.0000
INFO - RCP Test Passed: RCP found
INFO - ------------------------------
INFO - ------------------------------
INFO - PACKAGE CHECKER FOUND NO ERRORS, SUCCESS !
INFO - ------------------------------
